# JRE version: OpenJDK Runtime Environment (21.0.6) (build 21.0.6+-13368085-b895.109)
# Java VM: OpenJDK 64-Bit Server VM (21.0.6+-13368085-b895.109, mixed mode, tiered, compressed oops, compressed class ptrs, g1 gc, windows-amd64)
GC Precious Log:
 CardTable entry size: 512
 Card Set container configuration: InlinePtr #cards 5 size 8 Array Of Cards #cards 12 size 40 Howl #buckets 4 coarsen threshold 1843 Howl Bitmap #cards 512 size 80 coarsen threshold 460 Card regions per heap region 1 cards per card region 2048
 CPUs: 6 total, 6 available
 Memory: 16207M
 Large Page Support: Disabled
 NUMA Support: Disabled
 Compressed Oops: Enabled (32-bit)
 Heap Region Size: 1M
 Heap Min Capacity: 8M
 Heap Initial Capacity: 254M
 Heap Max Capacity: 2G
 Pre-touch: Disabled
 Parallel Workers: 6
 Concurrent Workers: 2
 Concurrent Refinement Workers: 6
 Periodic GC: Disabled
Heap:
 garbage-first heap   total 165888K, used 121816K [0x0000000080000000, 0x0000000100000000)
  region size 1024K, 31 young (31744K), 6 survivors (6144K)
 Metaspace       used 104973K, committed 107072K, reserved 1179648K
  class space    used 14298K, committed 15360K, reserved 1048576K
GC Heap History (20 events):
Event: 8.699 GC heap before
{Heap before GC invocations=24 (full 0):
 garbage-first heap   total 124928K, used 110752K [0x0000000080000000, 0x0000000100000000)
  region size 1024K, 41 young (41984K), 3 survivors (3072K)
 Metaspace       used 75484K, committed 77312K, reserved 1179648K
  class space    used 10024K, committed 10944K, reserved 1048576K
}
Event: 8.701 GC heap after
{Heap after GC invocations=25 (full 0):
 garbage-first heap   total 124928K, used 72502K [0x0000000080000000, 0x0000000100000000)
  region size 1024K, 4 young (4096K), 4 survivors (4096K)
 Metaspace       used 75484K, committed 77312K, reserved 1179648K
  class space    used 10024K, committed 10944K, reserved 1048576K
}
Event: 9.021 GC heap before
{Heap before GC invocations=25 (full 0):
 garbage-first heap   total 124928K, used 101174K [0x0000000080000000, 0x0000000100000000)
  region size 1024K, 33 young (33792K), 4 survivors (4096K)
 Metaspace       used 79246K, committed 81152K, reserved 1179648K
  class space    used 10575K, committed 11520K, reserved 1048576K
}
Event: 9.024 GC heap after
{Heap after GC invocations=26 (full 0):
 garbage-first heap   total 124928K, used 75241K [0x0000000080000000, 0x0000000100000000)
  region size 1024K, 6 young (6144K), 6 survivors (6144K)
 Metaspace       used 79246K, committed 81152K, reserved 1179648K
  class space    used 10575K, committed 11520K, reserved 1048576K
}
Event: 9.334 GC heap before
{Heap before GC invocations=27 (full 0):
 garbage-first heap   total 133120K, used 116201K [0x0000000080000000, 0x0000000100000000)
  region size 1024K, 41 young (41984K), 6 survivors (6144K)
 Metaspace       used 81059K, committed 82880K, reserved 1179648K
  class space    used 10824K, committed 11712K, reserved 1048576K
}
Event: 9.338 GC heap after
{Heap after GC invocations=28 (full 0):
 garbage-first heap   total 133120K, used 79641K [0x0000000080000000, 0x0000000100000000)
  region size 1024K, 6 young (6144K), 6 survivors (6144K)
 Metaspace       used 81059K, committed 82880K, reserved 1179648K
  class space    used 10824K, committed 11712K, reserved 1048576K
}
Event: 9.742 GC heap before
{Heap before GC invocations=28 (full 0):
 garbage-first heap   total 133120K, used 117529K [0x0000000080000000, 0x0000000100000000)
  region size 1024K, 44 young (45056K), 6 survivors (6144K)
 Metaspace       used 84335K, committed 86208K, reserved 1179648K
  class space    used 11242K, committed 12160K, reserved 1048576K
}
Event: 9.747 GC heap after
{Heap after GC invocations=29 (full 0):
 garbage-first heap   total 133120K, used 80896K [0x0000000080000000, 0x0000000100000000)
  region size 1024K, 2 young (2048K), 2 survivors (2048K)
 Metaspace       used 84335K, committed 86208K, reserved 1179648K
  class space    used 11242K, committed 12160K, reserved 1048576K
}
Event: 10.208 GC heap before
{Heap before GC invocations=29 (full 0):
 garbage-first heap   total 133120K, used 119808K [0x0000000080000000, 0x0000000100000000)
  region size 1024K, 40 young (40960K), 2 survivors (2048K)
 Metaspace       used 88329K, committed 90176K, reserved 1179648K
  class space    used 11757K, committed 12672K, reserved 1048576K
}
Event: 10.211 GC heap after
{Heap after GC invocations=30 (full 0):
 garbage-first heap   total 133120K, used 82757K [0x0000000080000000, 0x0000000100000000)
  region size 1024K, 4 young (4096K), 4 survivors (4096K)
 Metaspace       used 88329K, committed 90176K, reserved 1179648K
  class space    used 11757K, committed 12672K, reserved 1048576K
}
Event: 10.650 GC heap before
{Heap before GC invocations=31 (full 0):
 garbage-first heap   total 138240K, used 123717K [0x0000000080000000, 0x0000000100000000)
  region size 1024K, 41 young (41984K), 4 survivors (4096K)
 Metaspace       used 90851K, committed 92736K, reserved 1179648K
  class space    used 12130K, committed 13120K, reserved 1048576K
}
Event: 10.653 GC heap after
{Heap after GC invocations=32 (full 0):
 garbage-first heap   total 138240K, used 87862K [0x0000000080000000, 0x0000000100000000)
  region size 1024K, 4 young (4096K), 4 survivors (4096K)
 Metaspace       used 90851K, committed 92736K, reserved 1179648K
  class space    used 12130K, committed 13120K, reserved 1048576K
}
Event: 11.012 GC heap before
{Heap before GC invocations=32 (full 0):
 garbage-first heap   total 138240K, used 125750K [0x0000000080000000, 0x0000000100000000)
  region size 1024K, 41 young (41984K), 4 survivors (4096K)
 Metaspace       used 92446K, committed 94464K, reserved 1179648K
  class space    used 12323K, committed 13312K, reserved 1048576K
}
Event: 11.017 GC heap after
{Heap after GC invocations=33 (full 0):
 garbage-first heap   total 138240K, used 91021K [0x0000000080000000, 0x0000000100000000)
  region size 1024K, 6 young (6144K), 6 survivors (6144K)
 Metaspace       used 92446K, committed 94464K, reserved 1179648K
  class space    used 12323K, committed 13312K, reserved 1048576K
}
Event: 11.297 GC heap before
{Heap before GC invocations=33 (full 0):
 garbage-first heap   total 138240K, used 118669K [0x0000000080000000, 0x0000000100000000)
  region size 1024K, 34 young (34816K), 6 survivors (6144K)
 Metaspace       used 94640K, committed 96640K, reserved 1179648K
  class space    used 12625K, committed 13632K, reserved 1048576K
}
Event: 11.301 GC heap after
{Heap after GC invocations=34 (full 0):
 garbage-first heap   total 165888K, used 92958K [0x0000000080000000, 0x0000000100000000)
  region size 1024K, 2 young (2048K), 2 survivors (2048K)
 Metaspace       used 94640K, committed 96640K, reserved 1179648K
  class space    used 12625K, committed 13632K, reserved 1048576K
}
Event: 11.970 GC heap before
{Heap before GC invocations=34 (full 0):
 garbage-first heap   total 165888K, used 149278K [0x0000000080000000, 0x0000000100000000)
  region size 1024K, 56 young (57344K), 2 survivors (2048K)
 Metaspace       used 99062K, committed 101120K, reserved 1179648K
  class space    used 13401K, committed 14464K, reserved 1048576K
}
Event: 11.973 GC heap after
{Heap after GC invocations=35 (full 0):
 garbage-first heap   total 165888K, used 94264K [0x0000000080000000, 0x0000000100000000)
  region size 1024K, 3 young (3072K), 3 survivors (3072K)
 Metaspace       used 99062K, committed 101120K, reserved 1179648K
  class space    used 13401K, committed 14464K, reserved 1048576K
}
Event: 12.857 GC heap before
{Heap before GC invocations=35 (full 0):
 garbage-first heap   total 165888K, used 152632K [0x0000000080000000, 0x0000000100000000)
  region size 1024K, 60 young (61440K), 3 survivors (3072K)
 Metaspace       used 103517K, committed 105600K, reserved 1179648K
  class space    used 14045K, committed 15104K, reserved 1048576K
}
Event: 12.860 GC heap after
{Heap after GC invocations=36 (full 0):
 garbage-first heap   total 165888K, used 97240K [0x0000000080000000, 0x0000000100000000)
  region size 1024K, 6 young (6144K), 6 survivors (6144K)
 Metaspace       used 103517K, committed 105600K, reserved 1179648K
  class space    used 14045K, committed 15104K, reserved 1048576K
}

