# JRE version: OpenJDK Runtime Environment (21.0.6) (build 21.0.6+-13368085-b895.109)
# Java VM: OpenJDK 64-Bit Server VM (21.0.6+-13368085-b895.109, mixed mode, tiered, compressed oops, compressed class ptrs, g1 gc, windows-amd64)
GC Precious Log:
 CardTable entry size: 512
 Card Set container configuration: InlinePtr #cards 5 size 8 Array Of Cards #cards 12 size 40 Howl #buckets 4 coarsen threshold 1843 Howl Bitmap #cards 512 size 80 coarsen threshold 460 Card regions per heap region 1 cards per card region 2048
 CPUs: 6 total, 6 available
 Memory: 16207M
 Large Page Support: Disabled
 NUMA Support: Disabled
 Compressed Oops: Enabled (32-bit)
 Heap Region Size: 1M
 Heap Min Capacity: 8M
 Heap Initial Capacity: 254M
 Heap Max Capacity: 2G
 Pre-touch: Disabled
 Parallel Workers: 6
 Concurrent Workers: 2
 Concurrent Refinement Workers: 6
 Periodic GC: Disabled
Heap:
 garbage-first heap   total 168960K, used 100970K [0x0000000080000000, 0x0000000100000000)
  region size 1024K, 7 young (7168K), 6 survivors (6144K)
 Metaspace       used 107631K, committed 109760K, reserved 1179648K
  class space    used 14716K, committed 15744K, reserved 1048576K
GC Heap History (20 events):
Event: 8.018 GC heap before
{Heap before GC invocations=24 (full 0):
 garbage-first heap   total 128000K, used 111742K [0x0000000080000000, 0x0000000100000000)
  region size 1024K, 42 young (43008K), 3 survivors (3072K)
 Metaspace       used 75657K, committed 77440K, reserved 1179648K
  class space    used 10064K, committed 10944K, reserved 1048576K
}
Event: 8.020 GC heap after
{Heap after GC invocations=25 (full 0):
 garbage-first heap   total 128000K, used 74162K [0x0000000080000000, 0x0000000100000000)
  region size 1024K, 4 young (4096K), 4 survivors (4096K)
 Metaspace       used 75657K, committed 77440K, reserved 1179648K
  class space    used 10064K, committed 10944K, reserved 1048576K
}
Event: 8.311 GC heap before
{Heap before GC invocations=25 (full 0):
 garbage-first heap   total 128000K, used 100786K [0x0000000080000000, 0x0000000100000000)
  region size 1024K, 31 young (31744K), 4 survivors (4096K)
 Metaspace       used 79222K, committed 81024K, reserved 1179648K
  class space    used 10578K, committed 11456K, reserved 1048576K
}
Event: 8.315 GC heap after
{Heap after GC invocations=26 (full 0):
 garbage-first heap   total 128000K, used 76451K [0x0000000080000000, 0x0000000100000000)
  region size 1024K, 6 young (6144K), 6 survivors (6144K)
 Metaspace       used 79222K, committed 81024K, reserved 1179648K
  class space    used 10578K, committed 11456K, reserved 1048576K
}
Event: 8.618 GC heap before
{Heap before GC invocations=27 (full 0):
 garbage-first heap   total 135168K, used 118435K [0x0000000080000000, 0x0000000100000000)
  region size 1024K, 42 young (43008K), 6 survivors (6144K)
 Metaspace       used 81103K, committed 82944K, reserved 1179648K
  class space    used 10843K, committed 11776K, reserved 1048576K
}
Event: 8.622 GC heap after
{Heap after GC invocations=28 (full 0):
 garbage-first heap   total 135168K, used 80617K [0x0000000080000000, 0x0000000100000000)
  region size 1024K, 6 young (6144K), 6 survivors (6144K)
 Metaspace       used 81103K, committed 82944K, reserved 1179648K
  class space    used 10843K, committed 11776K, reserved 1048576K
}
Event: 9.040 GC heap before
{Heap before GC invocations=28 (full 0):
 garbage-first heap   total 135168K, used 119529K [0x0000000080000000, 0x0000000100000000)
  region size 1024K, 45 young (46080K), 6 survivors (6144K)
 Metaspace       used 84442K, committed 86272K, reserved 1179648K
  class space    used 11270K, committed 12160K, reserved 1048576K
}
Event: 9.046 GC heap after
{Heap after GC invocations=29 (full 0):
 garbage-first heap   total 135168K, used 81812K [0x0000000080000000, 0x0000000100000000)
  region size 1024K, 3 young (3072K), 3 survivors (3072K)
 Metaspace       used 84442K, committed 86272K, reserved 1179648K
  class space    used 11270K, committed 12160K, reserved 1048576K
}
Event: 9.495 GC heap before
{Heap before GC invocations=29 (full 0):
 garbage-first heap   total 135168K, used 121748K [0x0000000080000000, 0x0000000100000000)
  region size 1024K, 42 young (43008K), 3 survivors (3072K)
 Metaspace       used 88552K, committed 90368K, reserved 1179648K
  class space    used 11799K, committed 12672K, reserved 1048576K
}
Event: 9.498 GC heap after
{Heap after GC invocations=30 (full 0):
 garbage-first heap   total 135168K, used 83426K [0x0000000080000000, 0x0000000100000000)
  region size 1024K, 4 young (4096K), 4 survivors (4096K)
 Metaspace       used 88552K, committed 90368K, reserved 1179648K
  class space    used 11799K, committed 12672K, reserved 1048576K
}
Event: 9.896 GC heap before
{Heap before GC invocations=31 (full 0):
 garbage-first heap   total 140288K, used 125410K [0x0000000080000000, 0x0000000100000000)
  region size 1024K, 42 young (43008K), 4 survivors (4096K)
 Metaspace       used 91021K, committed 92928K, reserved 1179648K
  class space    used 12159K, committed 13184K, reserved 1048576K
}
Event: 9.899 GC heap after
{Heap after GC invocations=32 (full 0):
 garbage-first heap   total 140288K, used 88975K [0x0000000080000000, 0x0000000100000000)
  region size 1024K, 5 young (5120K), 5 survivors (5120K)
 Metaspace       used 91021K, committed 92928K, reserved 1179648K
  class space    used 12159K, committed 13184K, reserved 1048576K
}
Event: 10.246 GC heap before
{Heap before GC invocations=32 (full 0):
 garbage-first heap   total 140288K, used 125839K [0x0000000080000000, 0x0000000100000000)
  region size 1024K, 41 young (41984K), 5 survivors (5120K)
 Metaspace       used 92611K, committed 94592K, reserved 1179648K
  class space    used 12349K, committed 13312K, reserved 1048576K
}
Event: 10.250 GC heap after
{Heap after GC invocations=33 (full 0):
 garbage-first heap   total 140288K, used 91835K [0x0000000080000000, 0x0000000100000000)
  region size 1024K, 6 young (6144K), 6 survivors (6144K)
 Metaspace       used 92611K, committed 94592K, reserved 1179648K
  class space    used 12349K, committed 13312K, reserved 1048576K
}
Event: 10.497 GC heap before
{Heap before GC invocations=33 (full 0):
 garbage-first heap   total 140288K, used 117435K [0x0000000080000000, 0x0000000100000000)
  region size 1024K, 32 young (32768K), 6 survivors (6144K)
 Metaspace       used 94587K, committed 96576K, reserved 1179648K
  class space    used 12628K, committed 13632K, reserved 1048576K
}
Event: 10.501 GC heap after
{Heap after GC invocations=34 (full 0):
 garbage-first heap   total 168960K, used 93994K [0x0000000080000000, 0x0000000100000000)
  region size 1024K, 2 young (2048K), 2 survivors (2048K)
 Metaspace       used 94587K, committed 96576K, reserved 1179648K
  class space    used 12628K, committed 13632K, reserved 1048576K
}
Event: 11.162 GC heap before
{Heap before GC invocations=34 (full 0):
 garbage-first heap   total 168960K, used 151338K [0x0000000080000000, 0x0000000100000000)
  region size 1024K, 57 young (58368K), 2 survivors (2048K)
 Metaspace       used 99088K, committed 101056K, reserved 1179648K
  class space    used 13413K, committed 14400K, reserved 1048576K
}
Event: 11.165 GC heap after
{Heap after GC invocations=35 (full 0):
 garbage-first heap   total 168960K, used 95148K [0x0000000080000000, 0x0000000100000000)
  region size 1024K, 3 young (3072K), 3 survivors (3072K)
 Metaspace       used 99088K, committed 101056K, reserved 1179648K
  class space    used 13413K, committed 14400K, reserved 1048576K
}
Event: 11.755 GC heap before
{Heap before GC invocations=35 (full 0):
 garbage-first heap   total 168960K, used 155564K [0x0000000080000000, 0x0000000100000000)
  region size 1024K, 62 young (63488K), 3 survivors (3072K)
 Metaspace       used 103638K, committed 105728K, reserved 1179648K
  class space    used 14065K, committed 15104K, reserved 1048576K
}
Event: 11.759 GC heap after
{Heap after GC invocations=36 (full 0):
 garbage-first heap   total 168960K, used 98094K [0x0000000080000000, 0x0000000100000000)
  region size 1024K, 6 young (6144K), 6 survivors (6144K)
 Metaspace       used 103638K, committed 105728K, reserved 1179648K
  class space    used 14065K, committed 15104K, reserved 1048576K
}

