# JRE version: OpenJDK Runtime Environment (21.0.6) (build 21.0.6+-13368085-b895.109)
# Java VM: OpenJDK 64-Bit Server VM (21.0.6+-13368085-b895.109, mixed mode, tiered, compressed oops, compressed class ptrs, g1 gc, windows-amd64)
GC Precious Log:
 CardTable entry size: 512
 Card Set container configuration: InlinePtr #cards 5 size 8 Array Of Cards #cards 12 size 40 Howl #buckets 4 coarsen threshold 1843 Howl Bitmap #cards 512 size 80 coarsen threshold 460 Card regions per heap region 1 cards per card region 2048
 CPUs: 6 total, 6 available
 Memory: 16207M
 Large Page Support: Disabled
 NUMA Support: Disabled
 Compressed Oops: Enabled (32-bit)
 Heap Region Size: 1M
 Heap Min Capacity: 8M
 Heap Initial Capacity: 254M
 Heap Max Capacity: 2G
 Pre-touch: Disabled
 Parallel Workers: 6
 Concurrent Workers: 2
 Concurrent Refinement Workers: 6
 Periodic GC: Disabled
Heap:
 garbage-first heap   total 163840K, used 131551K [0x0000000080000000, 0x0000000100000000)
  region size 1024K, 38 young (38912K), 5 survivors (5120K)
 Metaspace       used 111103K, committed 113152K, reserved 1179648K
  class space    used 15157K, committed 16192K, reserved 1048576K
GC Heap History (20 events):
Event: 8.559 GC heap before
{Heap before GC invocations=24 (full 0):
 garbage-first heap   total 121856K, used 111749K [0x0000000080000000, 0x0000000100000000)
  region size 1024K, 37 young (37888K), 3 survivors (3072K)
 Metaspace       used 79553K, committed 81408K, reserved 1179648K
  class space    used 10658K, committed 11584K, reserved 1048576K
}
Event: 8.562 GC heap after
{Heap after GC invocations=25 (full 0):
 garbage-first heap   total 146432K, used 77206K [0x0000000080000000, 0x0000000100000000)
  region size 1024K, 5 young (5120K), 5 survivors (5120K)
 Metaspace       used 79553K, committed 81408K, reserved 1179648K
  class space    used 10658K, committed 11584K, reserved 1048576K
}
Event: 9.079 GC heap before
{Heap before GC invocations=25 (full 0):
 garbage-first heap   total 146432K, used 131478K [0x0000000080000000, 0x0000000100000000)
  region size 1024K, 58 young (59392K), 5 survivors (5120K)
 Metaspace       used 84088K, committed 85952K, reserved 1179648K
  class space    used 11210K, committed 12160K, reserved 1048576K
}
Event: 9.084 GC heap after
{Heap after GC invocations=26 (full 0):
 garbage-first heap   total 146432K, used 79973K [0x0000000080000000, 0x0000000100000000)
  region size 1024K, 7 young (7168K), 7 survivors (7168K)
 Metaspace       used 84088K, committed 85952K, reserved 1179648K
  class space    used 11210K, committed 12160K, reserved 1048576K
}
Event: 9.695 GC heap before
{Heap before GC invocations=26 (full 0):
 garbage-first heap   total 146432K, used 130149K [0x0000000080000000, 0x0000000100000000)
  region size 1024K, 56 young (57344K), 7 survivors (7168K)
 Metaspace       used 88976K, committed 90816K, reserved 1179648K
  class space    used 11842K, committed 12736K, reserved 1048576K
}
Event: 9.699 GC heap after
{Heap after GC invocations=27 (full 0):
 garbage-first heap   total 146432K, used 82103K [0x0000000080000000, 0x0000000100000000)
  region size 1024K, 5 young (5120K), 5 survivors (5120K)
 Metaspace       used 88976K, committed 90816K, reserved 1179648K
  class space    used 11842K, committed 12736K, reserved 1048576K
}
Event: 10.197 GC heap before
{Heap before GC invocations=28 (full 0):
 garbage-first heap   total 146432K, used 135351K [0x0000000080000000, 0x0000000100000000)
  region size 1024K, 54 young (55296K), 5 survivors (5120K)
 Metaspace       used 91014K, committed 92928K, reserved 1179648K
  class space    used 12150K, committed 13120K, reserved 1048576K
}
Event: 10.202 GC heap after
{Heap after GC invocations=29 (full 0):
 garbage-first heap   total 146432K, used 90048K [0x0000000080000000, 0x0000000100000000)
  region size 1024K, 7 young (7168K), 7 survivors (7168K)
 Metaspace       used 91014K, committed 92928K, reserved 1179648K
  class space    used 12150K, committed 13120K, reserved 1048576K
}
Event: 10.617 GC heap before
{Heap before GC invocations=29 (full 0):
 garbage-first heap   total 146432K, used 131008K [0x0000000080000000, 0x0000000100000000)
  region size 1024K, 47 young (48128K), 7 survivors (7168K)
 Metaspace       used 94280K, committed 96256K, reserved 1179648K
  class space    used 12589K, committed 13568K, reserved 1048576K
}
Event: 10.621 GC heap after
{Heap after GC invocations=30 (full 0):
 garbage-first heap   total 146432K, used 92047K [0x0000000080000000, 0x0000000100000000)
  region size 1024K, 3 young (3072K), 3 survivors (3072K)
 Metaspace       used 94280K, committed 96256K, reserved 1179648K
  class space    used 12589K, committed 13568K, reserved 1048576K
}
Event: 10.670 GC heap before
{Heap before GC invocations=30 (full 0):
 garbage-first heap   total 146432K, used 95119K [0x0000000080000000, 0x0000000100000000)
  region size 1024K, 7 young (7168K), 3 survivors (3072K)
 Metaspace       used 94541K, committed 96512K, reserved 1179648K
  class space    used 12619K, committed 13632K, reserved 1048576K
}
Event: 10.672 GC heap after
{Heap after GC invocations=31 (full 0):
 garbage-first heap   total 146432K, used 92188K [0x0000000080000000, 0x0000000100000000)
  region size 1024K, 3 young (3072K), 3 survivors (3072K)
 Metaspace       used 94541K, committed 96512K, reserved 1179648K
  class space    used 12619K, committed 13632K, reserved 1048576K
}
Event: 11.175 GC heap before
{Heap before GC invocations=32 (full 0):
 garbage-first heap   total 157696K, used 134172K [0x0000000080000000, 0x0000000100000000)
  region size 1024K, 43 young (44032K), 3 survivors (3072K)
 Metaspace       used 97775K, committed 99776K, reserved 1179648K
  class space    used 13203K, committed 14208K, reserved 1048576K
}
Event: 11.177 GC heap after
{Heap after GC invocations=33 (full 0):
 garbage-first heap   total 157696K, used 92931K [0x0000000080000000, 0x0000000100000000)
  region size 1024K, 4 young (4096K), 4 survivors (4096K)
 Metaspace       used 97775K, committed 99776K, reserved 1179648K
  class space    used 13203K, committed 14208K, reserved 1048576K
}
Event: 11.674 GC heap before
{Heap before GC invocations=33 (full 0):
 garbage-first heap   total 157696K, used 143107K [0x0000000080000000, 0x0000000100000000)
  region size 1024K, 53 young (54272K), 4 survivors (4096K)
 Metaspace       used 101371K, committed 103424K, reserved 1179648K
  class space    used 13731K, committed 14784K, reserved 1048576K
}
Event: 11.679 GC heap after
{Heap after GC invocations=34 (full 0):
 garbage-first heap   total 157696K, used 94168K [0x0000000080000000, 0x0000000100000000)
  region size 1024K, 6 young (6144K), 6 survivors (6144K)
 Metaspace       used 101371K, committed 103424K, reserved 1179648K
  class space    used 13731K, committed 14784K, reserved 1048576K
}
Event: 12.151 GC heap before
{Heap before GC invocations=34 (full 0):
 garbage-first heap   total 157696K, used 141272K [0x0000000080000000, 0x0000000100000000)
  region size 1024K, 52 young (53248K), 6 survivors (6144K)
 Metaspace       used 105160K, committed 107264K, reserved 1179648K
  class space    used 14291K, committed 15360K, reserved 1048576K
}
Event: 12.156 GC heap after
{Heap after GC invocations=35 (full 0):
 garbage-first heap   total 157696K, used 97202K [0x0000000080000000, 0x0000000100000000)
  region size 1024K, 7 young (7168K), 7 survivors (7168K)
 Metaspace       used 105160K, committed 107264K, reserved 1179648K
  class space    used 14291K, committed 15360K, reserved 1048576K
}
Event: 12.637 GC heap before
{Heap before GC invocations=36 (full 0):
 garbage-first heap   total 163840K, used 141234K [0x0000000080000000, 0x0000000100000000)
  region size 1024K, 50 young (51200K), 7 survivors (7168K)
 Metaspace       used 109400K, committed 111552K, reserved 1179648K
  class space    used 14917K, committed 16000K, reserved 1048576K
}
Event: 12.643 GC heap after
{Heap after GC invocations=37 (full 0):
 garbage-first heap   total 163840K, used 98783K [0x0000000080000000, 0x0000000100000000)
  region size 1024K, 5 young (5120K), 5 survivors (5120K)
 Metaspace       used 109400K, committed 111552K, reserved 1179648K
  class space    used 14917K, committed 16000K, reserved 1048576K
}

