# JRE version: OpenJDK Runtime Environment (21.0.6) (build 21.0.6+-13368085-b895.109)
# Java VM: OpenJDK 64-Bit Server VM (21.0.6+-13368085-b895.109, mixed mode, tiered, compressed oops, compressed class ptrs, g1 gc, windows-amd64)
GC Precious Log:
 CardTable entry size: 512
 Card Set container configuration: InlinePtr #cards 5 size 8 Array Of Cards #cards 12 size 40 Howl #buckets 4 coarsen threshold 1843 Howl Bitmap #cards 512 size 80 coarsen threshold 460 Card regions per heap region 1 cards per card region 2048
 CPUs: 6 total, 6 available
 Memory: 16207M
 Large Page Support: Disabled
 NUMA Support: Disabled
 Compressed Oops: Enabled (32-bit)
 Heap Region Size: 1M
 Heap Min Capacity: 8M
 Heap Initial Capacity: 254M
 Heap Max Capacity: 2G
 Pre-touch: Disabled
 Parallel Workers: 6
 Concurrent Workers: 2
 Concurrent Refinement Workers: 6
 Periodic GC: Disabled
Heap:
 garbage-first heap   total 414720K, used 338915K [0x0000000080000000, 0x0000000100000000)
  region size 1024K, 96 young (98304K), 6 survivors (6144K)
 Metaspace       used 211484K, committed 214528K, reserved 1245184K
  class space    used 26540K, committed 28032K, reserved 1048576K
GC Heap History (20 events):
Event: 17.391 GC heap before
{Heap before GC invocations=51 (full 0):
 garbage-first heap   total 293888K, used 265766K [0x0000000080000000, 0x0000000100000000)
  region size 1024K, 88 young (90112K), 12 survivors (12288K)
 Metaspace       used 162022K, committed 164544K, reserved 1245184K
  class space    used 20571K, committed 21824K, reserved 1048576K
}
Event: 17.397 GC heap after
{Heap after GC invocations=52 (full 0):
 garbage-first heap   total 293888K, used 192230K [0x0000000080000000, 0x0000000100000000)
  region size 1024K, 5 young (5120K), 5 survivors (5120K)
 Metaspace       used 162022K, committed 164544K, reserved 1245184K
  class space    used 20571K, committed 21824K, reserved 1048576K
}
Event: 18.027 GC heap before
{Heap before GC invocations=53 (full 0):
 garbage-first heap   total 316416K, used 270054K [0x0000000080000000, 0x0000000100000000)
  region size 1024K, 81 young (82944K), 5 survivors (5120K)
 Metaspace       used 163947K, committed 166528K, reserved 1245184K
  class space    used 20880K, committed 22144K, reserved 1048576K
}
Event: 18.033 GC heap after
{Heap after GC invocations=54 (full 0):
 garbage-first heap   total 316416K, used 199420K [0x0000000080000000, 0x0000000100000000)
  region size 1024K, 11 young (11264K), 11 survivors (11264K)
 Metaspace       used 163947K, committed 166528K, reserved 1245184K
  class space    used 20880K, committed 22144K, reserved 1048576K
}
Event: 18.408 GC heap before
{Heap before GC invocations=54 (full 0):
 garbage-first heap   total 316416K, used 289532K [0x0000000080000000, 0x0000000100000000)
  region size 1024K, 98 young (100352K), 11 survivors (11264K)
 Metaspace       used 164211K, committed 166784K, reserved 1245184K
  class space    used 20887K, committed 22144K, reserved 1048576K
}
Event: 18.420 GC heap after
{Heap after GC invocations=55 (full 0):
 garbage-first heap   total 316416K, used 203375K [0x0000000080000000, 0x0000000100000000)
  region size 1024K, 10 young (10240K), 10 survivors (10240K)
 Metaspace       used 164211K, committed 166784K, reserved 1245184K
  class space    used 20887K, committed 22144K, reserved 1048576K
}
Event: 19.557 GC heap before
{Heap before GC invocations=55 (full 0):
 garbage-first heap   total 316416K, used 288367K [0x0000000080000000, 0x0000000100000000)
  region size 1024K, 93 young (95232K), 10 survivors (10240K)
 Metaspace       used 169736K, committed 172352K, reserved 1245184K
  class space    used 21426K, committed 22720K, reserved 1048576K
}
Event: 19.566 GC heap after
{Heap after GC invocations=56 (full 0):
 garbage-first heap   total 379904K, used 210849K [0x0000000080000000, 0x0000000100000000)
  region size 1024K, 8 young (8192K), 8 survivors (8192K)
 Metaspace       used 169736K, committed 172352K, reserved 1245184K
  class space    used 21426K, committed 22720K, reserved 1048576K
}
Event: 20.994 GC heap before
{Heap before GC invocations=57 (full 0):
 garbage-first heap   total 379904K, used 342945K [0x0000000080000000, 0x0000000100000000)
  region size 1024K, 132 young (135168K), 8 survivors (8192K)
 Metaspace       used 178934K, committed 181696K, reserved 1245184K
  class space    used 22781K, committed 24128K, reserved 1048576K
}
Event: 21.003 GC heap after
{Heap after GC invocations=58 (full 0):
 garbage-first heap   total 379904K, used 212599K [0x0000000080000000, 0x0000000100000000)
  region size 1024K, 15 young (15360K), 15 survivors (15360K)
 Metaspace       used 178934K, committed 181696K, reserved 1245184K
  class space    used 22781K, committed 24128K, reserved 1048576K
}
Event: 22.548 GC heap before
{Heap before GC invocations=58 (full 0):
 garbage-first heap   total 379904K, used 358007K [0x0000000080000000, 0x0000000100000000)
  region size 1024K, 143 young (146432K), 15 survivors (15360K)
 Metaspace       used 185152K, committed 188032K, reserved 1245184K
  class space    used 23583K, committed 25024K, reserved 1048576K
}
Event: 22.561 GC heap after
{Heap after GC invocations=59 (full 0):
 garbage-first heap   total 389120K, used 234216K [0x0000000080000000, 0x0000000100000000)
  region size 1024K, 18 young (18432K), 18 survivors (18432K)
 Metaspace       used 185152K, committed 188032K, reserved 1245184K
  class space    used 23583K, committed 25024K, reserved 1048576K
}
Event: 24.079 GC heap before
{Heap before GC invocations=59 (full 0):
 garbage-first heap   total 389120K, used 349928K [0x0000000080000000, 0x0000000100000000)
  region size 1024K, 132 young (135168K), 18 survivors (18432K)
 Metaspace       used 186606K, committed 189376K, reserved 1245184K
  class space    used 23769K, committed 25152K, reserved 1048576K
}
Event: 24.089 GC heap after
{Heap after GC invocations=60 (full 0):
 garbage-first heap   total 389120K, used 240640K [0x0000000080000000, 0x0000000100000000)
  region size 1024K, 8 young (8192K), 8 survivors (8192K)
 Metaspace       used 186606K, committed 189376K, reserved 1245184K
  class space    used 23769K, committed 25152K, reserved 1048576K
}
Event: 25.573 GC heap before
{Heap before GC invocations=61 (full 0):
 garbage-first heap   total 389120K, used 354304K [0x0000000080000000, 0x0000000100000000)
  region size 1024K, 125 young (128000K), 8 survivors (8192K)
 Metaspace       used 199604K, committed 202496K, reserved 1245184K
  class space    used 25384K, committed 26816K, reserved 1048576K
}
Event: 25.581 GC heap after
{Heap after GC invocations=62 (full 0):
 garbage-first heap   total 389120K, used 240640K [0x0000000080000000, 0x0000000100000000)
  region size 1024K, 15 young (15360K), 15 survivors (15360K)
 Metaspace       used 199604K, committed 202496K, reserved 1245184K
  class space    used 25384K, committed 26816K, reserved 1048576K
}
Event: 26.573 GC heap before
{Heap before GC invocations=62 (full 0):
 garbage-first heap   total 389120K, used 353280K [0x0000000080000000, 0x0000000100000000)
  region size 1024K, 126 young (129024K), 15 survivors (15360K)
 Metaspace       used 201940K, committed 204928K, reserved 1245184K
  class space    used 25634K, committed 27136K, reserved 1048576K
}
Event: 26.590 GC heap after
{Heap after GC invocations=63 (full 0):
 garbage-first heap   total 389120K, used 242600K [0x0000000080000000, 0x0000000100000000)
  region size 1024K, 16 young (16384K), 16 survivors (16384K)
 Metaspace       used 201940K, committed 204928K, reserved 1245184K
  class space    used 25634K, committed 27136K, reserved 1048576K
}
Event: 551.485 GC heap before
{Heap before GC invocations=63 (full 0):
 garbage-first heap   total 389120K, used 352168K [0x0000000080000000, 0x0000000100000000)
  region size 1024K, 124 young (126976K), 16 survivors (16384K)
 Metaspace       used 210861K, committed 213888K, reserved 1245184K
  class space    used 26493K, committed 28032K, reserved 1048576K
}
Event: 551.496 GC heap after
{Heap after GC invocations=64 (full 0):
 garbage-first heap   total 389120K, used 248803K [0x0000000080000000, 0x0000000100000000)
  region size 1024K, 6 young (6144K), 6 survivors (6144K)
 Metaspace       used 210861K, committed 213888K, reserved 1245184K
  class space    used 26493K, committed 28032K, reserved 1048576K
}

